<?xml version="1.0" encoding="UTF-8"?>
<testsuite name="ComputerRepairRequestTest" tests="2" skipped="0" failures="0" errors="0" timestamp="2025-03-11T08:24:24" hostname="LAPTOP-AS99DTFD" time="0.034">
  <properties/>
  <testcase name="First Test" classname="ComputerRepairRequestTest" time="0.029"/>
  <testcase name="Test Example" classname="ComputerRepairRequestTest" time="0.002"/>
  <system-out><![CDATA[]]></system-out>
  <system-err><![CDATA[]]></system-err>
</testsuite>
